2026-01-29 00:57:54,241:WARNING:
'cuml' is a soft dependency and not included in the pycaret installation. Please run: `pip install cuml` to install.
2026-01-29 00:57:54,241:WARNING:
'cuml' is a soft dependency and not included in the pycaret installation. Please run: `pip install cuml` to install.
2026-01-29 00:57:54,241:WARNING:
'cuml' is a soft dependency and not included in the pycaret installation. Please run: `pip install cuml` to install.
2026-01-29 00:57:54,241:WARNING:
'cuml' is a soft dependency and not included in the pycaret installation. Please run: `pip install cuml` to install.
2026-01-29 00:59:25,629:WARNING:c:\ProgramData\Anaconda3\lib\site-packages\pandas\io\sql.py:762: UserWarning: pandas only support SQLAlchemy connectable(engine/connection) ordatabase string URI or sqlite3 DBAPI2 connectionother DBAPI2 objects are not tested, please consider using SQLAlchemy
  warnings.warn(

2026-01-29 00:59:25,666:WARNING:c:\ProgramData\Anaconda3\lib\site-packages\pandas\io\sql.py:762: UserWarning: pandas only support SQLAlchemy connectable(engine/connection) ordatabase string URI or sqlite3 DBAPI2 connectionother DBAPI2 objects are not tested, please consider using SQLAlchemy
  warnings.warn(

2026-01-29 00:59:25,757:WARNING:c:\ProgramData\Anaconda3\lib\site-packages\pandas\io\sql.py:762: UserWarning: pandas only support SQLAlchemy connectable(engine/connection) ordatabase string URI or sqlite3 DBAPI2 connectionother DBAPI2 objects are not tested, please consider using SQLAlchemy
  warnings.warn(

2026-01-29 00:59:27,758:WARNING:c:\ProgramData\Anaconda3\lib\site-packages\pandas\io\sql.py:762: UserWarning: pandas only support SQLAlchemy connectable(engine/connection) ordatabase string URI or sqlite3 DBAPI2 connectionother DBAPI2 objects are not tested, please consider using SQLAlchemy
  warnings.warn(

2026-01-29 00:59:27,807:WARNING:c:\ProgramData\Anaconda3\lib\site-packages\pandas\io\sql.py:762: UserWarning: pandas only support SQLAlchemy connectable(engine/connection) ordatabase string URI or sqlite3 DBAPI2 connectionother DBAPI2 objects are not tested, please consider using SQLAlchemy
  warnings.warn(

2026-01-29 01:04:33,996:WARNING:
'cuml' is a soft dependency and not included in the pycaret installation. Please run: `pip install cuml` to install.
2026-01-29 01:04:33,996:WARNING:
'cuml' is a soft dependency and not included in the pycaret installation. Please run: `pip install cuml` to install.
2026-01-29 01:04:33,996:WARNING:
'cuml' is a soft dependency and not included in the pycaret installation. Please run: `pip install cuml` to install.
2026-01-29 01:04:33,996:WARNING:
'cuml' is a soft dependency and not included in the pycaret installation. Please run: `pip install cuml` to install.
2026-01-29 01:04:36,531:WARNING:c:\ProgramData\Anaconda3\lib\site-packages\pandas\io\sql.py:762: UserWarning: pandas only support SQLAlchemy connectable(engine/connection) ordatabase string URI or sqlite3 DBAPI2 connectionother DBAPI2 objects are not tested, please consider using SQLAlchemy
  warnings.warn(

2026-01-29 01:04:36,590:WARNING:c:\ProgramData\Anaconda3\lib\site-packages\pandas\io\sql.py:762: UserWarning: pandas only support SQLAlchemy connectable(engine/connection) ordatabase string URI or sqlite3 DBAPI2 connectionother DBAPI2 objects are not tested, please consider using SQLAlchemy
  warnings.warn(

2026-01-29 01:04:36,677:WARNING:c:\ProgramData\Anaconda3\lib\site-packages\pandas\io\sql.py:762: UserWarning: pandas only support SQLAlchemy connectable(engine/connection) ordatabase string URI or sqlite3 DBAPI2 connectionother DBAPI2 objects are not tested, please consider using SQLAlchemy
  warnings.warn(

2026-01-29 01:04:38,705:WARNING:c:\ProgramData\Anaconda3\lib\site-packages\pandas\io\sql.py:762: UserWarning: pandas only support SQLAlchemy connectable(engine/connection) ordatabase string URI or sqlite3 DBAPI2 connectionother DBAPI2 objects are not tested, please consider using SQLAlchemy
  warnings.warn(

2026-01-29 01:04:38,755:WARNING:c:\ProgramData\Anaconda3\lib\site-packages\pandas\io\sql.py:762: UserWarning: pandas only support SQLAlchemy connectable(engine/connection) ordatabase string URI or sqlite3 DBAPI2 connectionother DBAPI2 objects are not tested, please consider using SQLAlchemy
  warnings.warn(

2026-01-29 01:11:47,337:WARNING:c:\ProgramData\Anaconda3\lib\site-packages\pandas\io\sql.py:762: UserWarning: pandas only support SQLAlchemy connectable(engine/connection) ordatabase string URI or sqlite3 DBAPI2 connectionother DBAPI2 objects are not tested, please consider using SQLAlchemy
  warnings.warn(

2026-01-29 23:21:40,250:WARNING:
'cuml' is a soft dependency and not included in the pycaret installation. Please run: `pip install cuml` to install.
2026-01-29 23:21:40,250:WARNING:
'cuml' is a soft dependency and not included in the pycaret installation. Please run: `pip install cuml` to install.
2026-01-29 23:21:40,250:WARNING:
'cuml' is a soft dependency and not included in the pycaret installation. Please run: `pip install cuml` to install.
2026-01-29 23:21:40,250:WARNING:
'cuml' is a soft dependency and not included in the pycaret installation. Please run: `pip install cuml` to install.
2026-01-29 23:21:41,730:WARNING:c:\ProgramData\Anaconda3\lib\site-packages\pandas\io\sql.py:762: UserWarning: pandas only support SQLAlchemy connectable(engine/connection) ordatabase string URI or sqlite3 DBAPI2 connectionother DBAPI2 objects are not tested, please consider using SQLAlchemy
  warnings.warn(

2026-01-29 23:21:41,863:WARNING:c:\ProgramData\Anaconda3\lib\site-packages\pandas\io\sql.py:762: UserWarning: pandas only support SQLAlchemy connectable(engine/connection) ordatabase string URI or sqlite3 DBAPI2 connectionother DBAPI2 objects are not tested, please consider using SQLAlchemy
  warnings.warn(

2026-01-29 23:21:41,998:WARNING:c:\ProgramData\Anaconda3\lib\site-packages\pandas\io\sql.py:762: UserWarning: pandas only support SQLAlchemy connectable(engine/connection) ordatabase string URI or sqlite3 DBAPI2 connectionother DBAPI2 objects are not tested, please consider using SQLAlchemy
  warnings.warn(

2026-01-29 23:21:44,049:WARNING:c:\ProgramData\Anaconda3\lib\site-packages\pandas\io\sql.py:762: UserWarning: pandas only support SQLAlchemy connectable(engine/connection) ordatabase string URI or sqlite3 DBAPI2 connectionother DBAPI2 objects are not tested, please consider using SQLAlchemy
  warnings.warn(

2026-01-29 23:21:44,120:WARNING:c:\ProgramData\Anaconda3\lib\site-packages\pandas\io\sql.py:762: UserWarning: pandas only support SQLAlchemy connectable(engine/connection) ordatabase string URI or sqlite3 DBAPI2 connectionother DBAPI2 objects are not tested, please consider using SQLAlchemy
  warnings.warn(

2026-01-29 23:21:44,669:WARNING:c:\ProgramData\Anaconda3\lib\site-packages\pandas\io\sql.py:762: UserWarning: pandas only support SQLAlchemy connectable(engine/connection) ordatabase string URI or sqlite3 DBAPI2 connectionother DBAPI2 objects are not tested, please consider using SQLAlchemy
  warnings.warn(

2026-01-29 23:45:37,242:WARNING:
'cuml' is a soft dependency and not included in the pycaret installation. Please run: `pip install cuml` to install.
2026-01-29 23:45:37,242:WARNING:
'cuml' is a soft dependency and not included in the pycaret installation. Please run: `pip install cuml` to install.
2026-01-29 23:45:37,242:WARNING:
'cuml' is a soft dependency and not included in the pycaret installation. Please run: `pip install cuml` to install.
2026-01-29 23:45:37,242:WARNING:
'cuml' is a soft dependency and not included in the pycaret installation. Please run: `pip install cuml` to install.
2026-01-29 23:45:38,422:WARNING:c:\ProgramData\Anaconda3\lib\site-packages\pandas\io\sql.py:762: UserWarning: pandas only support SQLAlchemy connectable(engine/connection) ordatabase string URI or sqlite3 DBAPI2 connectionother DBAPI2 objects are not tested, please consider using SQLAlchemy
  warnings.warn(

2026-01-29 23:45:38,495:WARNING:c:\ProgramData\Anaconda3\lib\site-packages\pandas\io\sql.py:762: UserWarning: pandas only support SQLAlchemy connectable(engine/connection) ordatabase string URI or sqlite3 DBAPI2 connectionother DBAPI2 objects are not tested, please consider using SQLAlchemy
  warnings.warn(

2026-01-29 23:45:38,590:WARNING:c:\ProgramData\Anaconda3\lib\site-packages\pandas\io\sql.py:762: UserWarning: pandas only support SQLAlchemy connectable(engine/connection) ordatabase string URI or sqlite3 DBAPI2 connectionother DBAPI2 objects are not tested, please consider using SQLAlchemy
  warnings.warn(

2026-01-29 23:45:40,701:WARNING:c:\ProgramData\Anaconda3\lib\site-packages\pandas\io\sql.py:762: UserWarning: pandas only support SQLAlchemy connectable(engine/connection) ordatabase string URI or sqlite3 DBAPI2 connectionother DBAPI2 objects are not tested, please consider using SQLAlchemy
  warnings.warn(

2026-01-29 23:45:40,745:WARNING:c:\ProgramData\Anaconda3\lib\site-packages\pandas\io\sql.py:762: UserWarning: pandas only support SQLAlchemy connectable(engine/connection) ordatabase string URI or sqlite3 DBAPI2 connectionother DBAPI2 objects are not tested, please consider using SQLAlchemy
  warnings.warn(

2026-01-29 23:45:41,222:WARNING:c:\ProgramData\Anaconda3\lib\site-packages\pandas\io\sql.py:762: UserWarning: pandas only support SQLAlchemy connectable(engine/connection) ordatabase string URI or sqlite3 DBAPI2 connectionother DBAPI2 objects are not tested, please consider using SQLAlchemy
  warnings.warn(

2026-01-31 00:09:08,320:WARNING:
'cuml' is a soft dependency and not included in the pycaret installation. Please run: `pip install cuml` to install.
2026-01-31 00:09:08,321:WARNING:
'cuml' is a soft dependency and not included in the pycaret installation. Please run: `pip install cuml` to install.
2026-01-31 00:09:08,321:WARNING:
'cuml' is a soft dependency and not included in the pycaret installation. Please run: `pip install cuml` to install.
2026-01-31 00:09:08,321:WARNING:
'cuml' is a soft dependency and not included in the pycaret installation. Please run: `pip install cuml` to install.
2026-01-31 00:09:13,209:WARNING:c:\ProgramData\Anaconda3\lib\site-packages\pandas\io\sql.py:762: UserWarning: pandas only support SQLAlchemy connectable(engine/connection) ordatabase string URI or sqlite3 DBAPI2 connectionother DBAPI2 objects are not tested, please consider using SQLAlchemy
  warnings.warn(

2026-01-31 00:09:13,305:WARNING:c:\ProgramData\Anaconda3\lib\site-packages\pandas\io\sql.py:762: UserWarning: pandas only support SQLAlchemy connectable(engine/connection) ordatabase string URI or sqlite3 DBAPI2 connectionother DBAPI2 objects are not tested, please consider using SQLAlchemy
  warnings.warn(

2026-01-31 00:09:13,412:WARNING:c:\ProgramData\Anaconda3\lib\site-packages\pandas\io\sql.py:762: UserWarning: pandas only support SQLAlchemy connectable(engine/connection) ordatabase string URI or sqlite3 DBAPI2 connectionother DBAPI2 objects are not tested, please consider using SQLAlchemy
  warnings.warn(

2026-01-31 00:09:15,518:WARNING:c:\ProgramData\Anaconda3\lib\site-packages\pandas\io\sql.py:762: UserWarning: pandas only support SQLAlchemy connectable(engine/connection) ordatabase string URI or sqlite3 DBAPI2 connectionother DBAPI2 objects are not tested, please consider using SQLAlchemy
  warnings.warn(

2026-01-31 00:09:15,570:WARNING:c:\ProgramData\Anaconda3\lib\site-packages\pandas\io\sql.py:762: UserWarning: pandas only support SQLAlchemy connectable(engine/connection) ordatabase string URI or sqlite3 DBAPI2 connectionother DBAPI2 objects are not tested, please consider using SQLAlchemy
  warnings.warn(

2026-01-31 00:09:16,214:WARNING:c:\ProgramData\Anaconda3\lib\site-packages\pandas\io\sql.py:762: UserWarning: pandas only support SQLAlchemy connectable(engine/connection) ordatabase string URI or sqlite3 DBAPI2 connectionother DBAPI2 objects are not tested, please consider using SQLAlchemy
  warnings.warn(

2026-01-31 00:09:49,589:WARNING:c:\ProgramData\Anaconda3\lib\site-packages\pandas\io\sql.py:762: UserWarning: pandas only support SQLAlchemy connectable(engine/connection) ordatabase string URI or sqlite3 DBAPI2 connectionother DBAPI2 objects are not tested, please consider using SQLAlchemy
  warnings.warn(

2026-01-31 00:09:49,626:WARNING:c:\ProgramData\Anaconda3\lib\site-packages\pandas\io\sql.py:762: UserWarning: pandas only support SQLAlchemy connectable(engine/connection) ordatabase string URI or sqlite3 DBAPI2 connectionother DBAPI2 objects are not tested, please consider using SQLAlchemy
  warnings.warn(

2026-01-31 00:09:49,728:WARNING:c:\ProgramData\Anaconda3\lib\site-packages\pandas\io\sql.py:762: UserWarning: pandas only support SQLAlchemy connectable(engine/connection) ordatabase string URI or sqlite3 DBAPI2 connectionother DBAPI2 objects are not tested, please consider using SQLAlchemy
  warnings.warn(

2026-01-31 00:09:51,609:WARNING:c:\ProgramData\Anaconda3\lib\site-packages\pandas\io\sql.py:762: UserWarning: pandas only support SQLAlchemy connectable(engine/connection) ordatabase string URI or sqlite3 DBAPI2 connectionother DBAPI2 objects are not tested, please consider using SQLAlchemy
  warnings.warn(

2026-01-31 00:09:51,640:WARNING:c:\ProgramData\Anaconda3\lib\site-packages\pandas\io\sql.py:762: UserWarning: pandas only support SQLAlchemy connectable(engine/connection) ordatabase string URI or sqlite3 DBAPI2 connectionother DBAPI2 objects are not tested, please consider using SQLAlchemy
  warnings.warn(

2026-01-31 00:09:52,185:WARNING:c:\ProgramData\Anaconda3\lib\site-packages\pandas\io\sql.py:762: UserWarning: pandas only support SQLAlchemy connectable(engine/connection) ordatabase string URI or sqlite3 DBAPI2 connectionother DBAPI2 objects are not tested, please consider using SQLAlchemy
  warnings.warn(

2026-01-31 00:29:31,073:WARNING:
'cuml' is a soft dependency and not included in the pycaret installation. Please run: `pip install cuml` to install.
2026-01-31 00:29:31,073:WARNING:
'cuml' is a soft dependency and not included in the pycaret installation. Please run: `pip install cuml` to install.
2026-01-31 00:29:31,073:WARNING:
'cuml' is a soft dependency and not included in the pycaret installation. Please run: `pip install cuml` to install.
2026-01-31 00:29:31,074:WARNING:
'cuml' is a soft dependency and not included in the pycaret installation. Please run: `pip install cuml` to install.
2026-01-31 00:29:31,890:WARNING:c:\ProgramData\Anaconda3\lib\site-packages\pandas\io\sql.py:762: UserWarning: pandas only support SQLAlchemy connectable(engine/connection) ordatabase string URI or sqlite3 DBAPI2 connectionother DBAPI2 objects are not tested, please consider using SQLAlchemy
  warnings.warn(

2026-01-31 00:29:31,929:WARNING:c:\ProgramData\Anaconda3\lib\site-packages\pandas\io\sql.py:762: UserWarning: pandas only support SQLAlchemy connectable(engine/connection) ordatabase string URI or sqlite3 DBAPI2 connectionother DBAPI2 objects are not tested, please consider using SQLAlchemy
  warnings.warn(

2026-01-31 00:29:32,022:WARNING:c:\ProgramData\Anaconda3\lib\site-packages\pandas\io\sql.py:762: UserWarning: pandas only support SQLAlchemy connectable(engine/connection) ordatabase string URI or sqlite3 DBAPI2 connectionother DBAPI2 objects are not tested, please consider using SQLAlchemy
  warnings.warn(

2026-01-31 00:29:34,114:WARNING:c:\ProgramData\Anaconda3\lib\site-packages\pandas\io\sql.py:762: UserWarning: pandas only support SQLAlchemy connectable(engine/connection) ordatabase string URI or sqlite3 DBAPI2 connectionother DBAPI2 objects are not tested, please consider using SQLAlchemy
  warnings.warn(

2026-01-31 00:29:34,162:WARNING:c:\ProgramData\Anaconda3\lib\site-packages\pandas\io\sql.py:762: UserWarning: pandas only support SQLAlchemy connectable(engine/connection) ordatabase string URI or sqlite3 DBAPI2 connectionother DBAPI2 objects are not tested, please consider using SQLAlchemy
  warnings.warn(

2026-01-31 00:29:34,697:WARNING:c:\ProgramData\Anaconda3\lib\site-packages\pandas\io\sql.py:762: UserWarning: pandas only support SQLAlchemy connectable(engine/connection) ordatabase string URI or sqlite3 DBAPI2 connectionother DBAPI2 objects are not tested, please consider using SQLAlchemy
  warnings.warn(

2026-01-31 00:34:57,842:WARNING:C:\Users\savan\AppData\Local\Temp\ipykernel_32392\912277280.py:7: ClusterWarning: scipy.cluster: The symmetric non-negative hollow observation matrix looks suspiciously like an uncondensed distance matrix
  Z = linkage(gower_sample, method='average')

2026-02-01 22:36:23,097:WARNING:
'cuml' is a soft dependency and not included in the pycaret installation. Please run: `pip install cuml` to install.
2026-02-01 22:36:23,097:WARNING:
'cuml' is a soft dependency and not included in the pycaret installation. Please run: `pip install cuml` to install.
2026-02-01 22:36:23,097:WARNING:
'cuml' is a soft dependency and not included in the pycaret installation. Please run: `pip install cuml` to install.
2026-02-01 22:36:23,097:WARNING:
'cuml' is a soft dependency and not included in the pycaret installation. Please run: `pip install cuml` to install.
2026-02-01 22:36:28,959:WARNING:C:\ProgramData\Anaconda3\lib\site-packages\pandas\io\sql.py:762: UserWarning: pandas only support SQLAlchemy connectable(engine/connection) ordatabase string URI or sqlite3 DBAPI2 connectionother DBAPI2 objects are not tested, please consider using SQLAlchemy
  warnings.warn(

2026-02-01 22:36:29,194:WARNING:C:\ProgramData\Anaconda3\lib\site-packages\pandas\io\sql.py:762: UserWarning: pandas only support SQLAlchemy connectable(engine/connection) ordatabase string URI or sqlite3 DBAPI2 connectionother DBAPI2 objects are not tested, please consider using SQLAlchemy
  warnings.warn(

2026-02-01 22:36:29,391:WARNING:C:\ProgramData\Anaconda3\lib\site-packages\pandas\io\sql.py:762: UserWarning: pandas only support SQLAlchemy connectable(engine/connection) ordatabase string URI or sqlite3 DBAPI2 connectionother DBAPI2 objects are not tested, please consider using SQLAlchemy
  warnings.warn(

2026-02-01 22:36:33,772:WARNING:C:\ProgramData\Anaconda3\lib\site-packages\pandas\io\sql.py:762: UserWarning: pandas only support SQLAlchemy connectable(engine/connection) ordatabase string URI or sqlite3 DBAPI2 connectionother DBAPI2 objects are not tested, please consider using SQLAlchemy
  warnings.warn(

2026-02-01 22:36:33,846:WARNING:C:\ProgramData\Anaconda3\lib\site-packages\pandas\io\sql.py:762: UserWarning: pandas only support SQLAlchemy connectable(engine/connection) ordatabase string URI or sqlite3 DBAPI2 connectionother DBAPI2 objects are not tested, please consider using SQLAlchemy
  warnings.warn(

2026-02-01 22:36:35,229:WARNING:C:\ProgramData\Anaconda3\lib\site-packages\pandas\io\sql.py:762: UserWarning: pandas only support SQLAlchemy connectable(engine/connection) ordatabase string URI or sqlite3 DBAPI2 connectionother DBAPI2 objects are not tested, please consider using SQLAlchemy
  warnings.warn(

2026-02-01 22:36:38,585:WARNING:C:\Users\savan\Downloads\FYP\Initial notebook.py:638: UserWarning: Matplotlib is currently using agg, which is a non-GUI backend, so cannot show the figure.
  plt.show()

2026-02-01 22:36:46,736:WARNING:C:\Users\savan\Downloads\FYP\Initial notebook.py:742: UserWarning: Matplotlib is currently using agg, which is a non-GUI backend, so cannot show the figure.
  plt.show()

2026-02-14 19:41:39,683:WARNING:
'cuml' is a soft dependency and not included in the pycaret installation. Please run: `pip install cuml` to install.
2026-02-14 19:41:39,683:WARNING:
'cuml' is a soft dependency and not included in the pycaret installation. Please run: `pip install cuml` to install.
2026-02-14 19:41:39,683:WARNING:
'cuml' is a soft dependency and not included in the pycaret installation. Please run: `pip install cuml` to install.
2026-02-14 19:41:39,685:WARNING:
'cuml' is a soft dependency and not included in the pycaret installation. Please run: `pip install cuml` to install.
2026-02-14 19:41:43,303:WARNING:c:\ProgramData\Anaconda3\lib\site-packages\pandas\io\sql.py:762: UserWarning: pandas only support SQLAlchemy connectable(engine/connection) ordatabase string URI or sqlite3 DBAPI2 connectionother DBAPI2 objects are not tested, please consider using SQLAlchemy
  warnings.warn(

2026-02-14 19:41:43,384:WARNING:c:\ProgramData\Anaconda3\lib\site-packages\pandas\io\sql.py:762: UserWarning: pandas only support SQLAlchemy connectable(engine/connection) ordatabase string URI or sqlite3 DBAPI2 connectionother DBAPI2 objects are not tested, please consider using SQLAlchemy
  warnings.warn(

2026-02-14 19:41:43,608:WARNING:c:\ProgramData\Anaconda3\lib\site-packages\pandas\io\sql.py:762: UserWarning: pandas only support SQLAlchemy connectable(engine/connection) ordatabase string URI or sqlite3 DBAPI2 connectionother DBAPI2 objects are not tested, please consider using SQLAlchemy
  warnings.warn(

2026-02-14 19:41:45,274:WARNING:c:\ProgramData\Anaconda3\lib\site-packages\pandas\io\sql.py:762: UserWarning: pandas only support SQLAlchemy connectable(engine/connection) ordatabase string URI or sqlite3 DBAPI2 connectionother DBAPI2 objects are not tested, please consider using SQLAlchemy
  warnings.warn(

2026-02-14 19:41:45,328:WARNING:c:\ProgramData\Anaconda3\lib\site-packages\pandas\io\sql.py:762: UserWarning: pandas only support SQLAlchemy connectable(engine/connection) ordatabase string URI or sqlite3 DBAPI2 connectionother DBAPI2 objects are not tested, please consider using SQLAlchemy
  warnings.warn(

2026-02-14 19:41:45,721:WARNING:c:\ProgramData\Anaconda3\lib\site-packages\pandas\io\sql.py:762: UserWarning: pandas only support SQLAlchemy connectable(engine/connection) ordatabase string URI or sqlite3 DBAPI2 connectionother DBAPI2 objects are not tested, please consider using SQLAlchemy
  warnings.warn(

2026-02-14 19:44:07,449:WARNING:C:\Users\savan\AppData\Local\Temp\ipykernel_31356\912277280.py:7: ClusterWarning: scipy.cluster: The symmetric non-negative hollow observation matrix looks suspiciously like an uncondensed distance matrix
  Z = linkage(gower_sample, method='average')

2026-02-14 20:08:47,362:WARNING:c:\ProgramData\Anaconda3\lib\site-packages\pandas\io\sql.py:762: UserWarning: pandas only support SQLAlchemy connectable(engine/connection) ordatabase string URI or sqlite3 DBAPI2 connectionother DBAPI2 objects are not tested, please consider using SQLAlchemy
  warnings.warn(

2026-02-14 20:08:47,399:WARNING:c:\ProgramData\Anaconda3\lib\site-packages\pandas\io\sql.py:762: UserWarning: pandas only support SQLAlchemy connectable(engine/connection) ordatabase string URI or sqlite3 DBAPI2 connectionother DBAPI2 objects are not tested, please consider using SQLAlchemy
  warnings.warn(

2026-02-14 20:08:47,466:WARNING:c:\ProgramData\Anaconda3\lib\site-packages\pandas\io\sql.py:762: UserWarning: pandas only support SQLAlchemy connectable(engine/connection) ordatabase string URI or sqlite3 DBAPI2 connectionother DBAPI2 objects are not tested, please consider using SQLAlchemy
  warnings.warn(

2026-02-14 20:08:48,942:WARNING:c:\ProgramData\Anaconda3\lib\site-packages\pandas\io\sql.py:762: UserWarning: pandas only support SQLAlchemy connectable(engine/connection) ordatabase string URI or sqlite3 DBAPI2 connectionother DBAPI2 objects are not tested, please consider using SQLAlchemy
  warnings.warn(

2026-02-14 20:08:48,982:WARNING:c:\ProgramData\Anaconda3\lib\site-packages\pandas\io\sql.py:762: UserWarning: pandas only support SQLAlchemy connectable(engine/connection) ordatabase string URI or sqlite3 DBAPI2 connectionother DBAPI2 objects are not tested, please consider using SQLAlchemy
  warnings.warn(

2026-02-14 20:08:49,448:WARNING:c:\ProgramData\Anaconda3\lib\site-packages\pandas\io\sql.py:762: UserWarning: pandas only support SQLAlchemy connectable(engine/connection) ordatabase string URI or sqlite3 DBAPI2 connectionother DBAPI2 objects are not tested, please consider using SQLAlchemy
  warnings.warn(

2026-02-14 20:11:14,875:WARNING:C:\Users\savan\AppData\Local\Temp\ipykernel_31356\912277280.py:7: ClusterWarning: scipy.cluster: The symmetric non-negative hollow observation matrix looks suspiciously like an uncondensed distance matrix
  Z = linkage(gower_sample, method='average')

2026-02-14 22:26:10,767:WARNING:c:\ProgramData\Anaconda3\lib\site-packages\pandas\io\sql.py:762: UserWarning: pandas only support SQLAlchemy connectable(engine/connection) ordatabase string URI or sqlite3 DBAPI2 connectionother DBAPI2 objects are not tested, please consider using SQLAlchemy
  warnings.warn(

2026-02-14 22:26:10,812:WARNING:c:\ProgramData\Anaconda3\lib\site-packages\pandas\io\sql.py:762: UserWarning: pandas only support SQLAlchemy connectable(engine/connection) ordatabase string URI or sqlite3 DBAPI2 connectionother DBAPI2 objects are not tested, please consider using SQLAlchemy
  warnings.warn(

2026-02-14 22:26:10,894:WARNING:c:\ProgramData\Anaconda3\lib\site-packages\pandas\io\sql.py:762: UserWarning: pandas only support SQLAlchemy connectable(engine/connection) ordatabase string URI or sqlite3 DBAPI2 connectionother DBAPI2 objects are not tested, please consider using SQLAlchemy
  warnings.warn(

2026-02-14 22:26:12,639:WARNING:c:\ProgramData\Anaconda3\lib\site-packages\pandas\io\sql.py:762: UserWarning: pandas only support SQLAlchemy connectable(engine/connection) ordatabase string URI or sqlite3 DBAPI2 connectionother DBAPI2 objects are not tested, please consider using SQLAlchemy
  warnings.warn(

2026-02-14 22:26:12,700:WARNING:c:\ProgramData\Anaconda3\lib\site-packages\pandas\io\sql.py:762: UserWarning: pandas only support SQLAlchemy connectable(engine/connection) ordatabase string URI or sqlite3 DBAPI2 connectionother DBAPI2 objects are not tested, please consider using SQLAlchemy
  warnings.warn(

2026-02-14 22:26:13,112:WARNING:c:\ProgramData\Anaconda3\lib\site-packages\pandas\io\sql.py:762: UserWarning: pandas only support SQLAlchemy connectable(engine/connection) ordatabase string URI or sqlite3 DBAPI2 connectionother DBAPI2 objects are not tested, please consider using SQLAlchemy
  warnings.warn(

2026-02-14 22:27:52,649:WARNING:c:\ProgramData\Anaconda3\lib\site-packages\pandas\io\sql.py:762: UserWarning: pandas only support SQLAlchemy connectable(engine/connection) ordatabase string URI or sqlite3 DBAPI2 connectionother DBAPI2 objects are not tested, please consider using SQLAlchemy
  warnings.warn(

2026-02-14 22:27:52,716:WARNING:c:\ProgramData\Anaconda3\lib\site-packages\pandas\io\sql.py:762: UserWarning: pandas only support SQLAlchemy connectable(engine/connection) ordatabase string URI or sqlite3 DBAPI2 connectionother DBAPI2 objects are not tested, please consider using SQLAlchemy
  warnings.warn(

2026-02-14 22:27:52,799:WARNING:c:\ProgramData\Anaconda3\lib\site-packages\pandas\io\sql.py:762: UserWarning: pandas only support SQLAlchemy connectable(engine/connection) ordatabase string URI or sqlite3 DBAPI2 connectionother DBAPI2 objects are not tested, please consider using SQLAlchemy
  warnings.warn(

2026-02-14 22:27:54,606:WARNING:c:\ProgramData\Anaconda3\lib\site-packages\pandas\io\sql.py:762: UserWarning: pandas only support SQLAlchemy connectable(engine/connection) ordatabase string URI or sqlite3 DBAPI2 connectionother DBAPI2 objects are not tested, please consider using SQLAlchemy
  warnings.warn(

2026-02-14 22:27:54,649:WARNING:c:\ProgramData\Anaconda3\lib\site-packages\pandas\io\sql.py:762: UserWarning: pandas only support SQLAlchemy connectable(engine/connection) ordatabase string URI or sqlite3 DBAPI2 connectionother DBAPI2 objects are not tested, please consider using SQLAlchemy
  warnings.warn(

2026-02-14 22:27:55,079:WARNING:c:\ProgramData\Anaconda3\lib\site-packages\pandas\io\sql.py:762: UserWarning: pandas only support SQLAlchemy connectable(engine/connection) ordatabase string URI or sqlite3 DBAPI2 connectionother DBAPI2 objects are not tested, please consider using SQLAlchemy
  warnings.warn(

2026-02-14 22:46:13,617:WARNING:c:\ProgramData\Anaconda3\lib\site-packages\pandas\io\sql.py:762: UserWarning: pandas only support SQLAlchemy connectable(engine/connection) ordatabase string URI or sqlite3 DBAPI2 connectionother DBAPI2 objects are not tested, please consider using SQLAlchemy
  warnings.warn(

2026-02-14 22:46:13,662:WARNING:c:\ProgramData\Anaconda3\lib\site-packages\pandas\io\sql.py:762: UserWarning: pandas only support SQLAlchemy connectable(engine/connection) ordatabase string URI or sqlite3 DBAPI2 connectionother DBAPI2 objects are not tested, please consider using SQLAlchemy
  warnings.warn(

2026-02-14 22:46:13,782:WARNING:c:\ProgramData\Anaconda3\lib\site-packages\pandas\io\sql.py:762: UserWarning: pandas only support SQLAlchemy connectable(engine/connection) ordatabase string URI or sqlite3 DBAPI2 connectionother DBAPI2 objects are not tested, please consider using SQLAlchemy
  warnings.warn(

2026-02-14 22:46:15,309:WARNING:c:\ProgramData\Anaconda3\lib\site-packages\pandas\io\sql.py:762: UserWarning: pandas only support SQLAlchemy connectable(engine/connection) ordatabase string URI or sqlite3 DBAPI2 connectionother DBAPI2 objects are not tested, please consider using SQLAlchemy
  warnings.warn(

2026-02-14 22:46:15,358:WARNING:c:\ProgramData\Anaconda3\lib\site-packages\pandas\io\sql.py:762: UserWarning: pandas only support SQLAlchemy connectable(engine/connection) ordatabase string URI or sqlite3 DBAPI2 connectionother DBAPI2 objects are not tested, please consider using SQLAlchemy
  warnings.warn(

2026-02-14 22:46:15,776:WARNING:c:\ProgramData\Anaconda3\lib\site-packages\pandas\io\sql.py:762: UserWarning: pandas only support SQLAlchemy connectable(engine/connection) ordatabase string URI or sqlite3 DBAPI2 connectionother DBAPI2 objects are not tested, please consider using SQLAlchemy
  warnings.warn(

2026-02-14 22:48:42,999:WARNING:C:\Users\savan\AppData\Local\Temp\ipykernel_31356\912277280.py:7: ClusterWarning: scipy.cluster: The symmetric non-negative hollow observation matrix looks suspiciously like an uncondensed distance matrix
  Z = linkage(gower_sample, method='average')

2026-02-14 22:58:25,651:WARNING:c:\ProgramData\Anaconda3\lib\site-packages\pandas\io\sql.py:762: UserWarning: pandas only support SQLAlchemy connectable(engine/connection) ordatabase string URI or sqlite3 DBAPI2 connectionother DBAPI2 objects are not tested, please consider using SQLAlchemy
  warnings.warn(

2026-02-14 22:58:25,698:WARNING:c:\ProgramData\Anaconda3\lib\site-packages\pandas\io\sql.py:762: UserWarning: pandas only support SQLAlchemy connectable(engine/connection) ordatabase string URI or sqlite3 DBAPI2 connectionother DBAPI2 objects are not tested, please consider using SQLAlchemy
  warnings.warn(

2026-02-14 22:58:25,808:WARNING:c:\ProgramData\Anaconda3\lib\site-packages\pandas\io\sql.py:762: UserWarning: pandas only support SQLAlchemy connectable(engine/connection) ordatabase string URI or sqlite3 DBAPI2 connectionother DBAPI2 objects are not tested, please consider using SQLAlchemy
  warnings.warn(

2026-02-14 22:58:27,386:WARNING:c:\ProgramData\Anaconda3\lib\site-packages\pandas\io\sql.py:762: UserWarning: pandas only support SQLAlchemy connectable(engine/connection) ordatabase string URI or sqlite3 DBAPI2 connectionother DBAPI2 objects are not tested, please consider using SQLAlchemy
  warnings.warn(

2026-02-14 22:58:27,431:WARNING:c:\ProgramData\Anaconda3\lib\site-packages\pandas\io\sql.py:762: UserWarning: pandas only support SQLAlchemy connectable(engine/connection) ordatabase string URI or sqlite3 DBAPI2 connectionother DBAPI2 objects are not tested, please consider using SQLAlchemy
  warnings.warn(

2026-02-14 22:58:27,802:WARNING:c:\ProgramData\Anaconda3\lib\site-packages\pandas\io\sql.py:762: UserWarning: pandas only support SQLAlchemy connectable(engine/connection) ordatabase string URI or sqlite3 DBAPI2 connectionother DBAPI2 objects are not tested, please consider using SQLAlchemy
  warnings.warn(

2026-02-14 23:00:53,228:WARNING:C:\Users\savan\AppData\Local\Temp\ipykernel_31356\912277280.py:7: ClusterWarning: scipy.cluster: The symmetric non-negative hollow observation matrix looks suspiciously like an uncondensed distance matrix
  Z = linkage(gower_sample, method='average')

2026-02-15 13:59:56,840:WARNING:
'cuml' is a soft dependency and not included in the pycaret installation. Please run: `pip install cuml` to install.
2026-02-15 13:59:56,841:WARNING:
'cuml' is a soft dependency and not included in the pycaret installation. Please run: `pip install cuml` to install.
2026-02-15 13:59:56,841:WARNING:
'cuml' is a soft dependency and not included in the pycaret installation. Please run: `pip install cuml` to install.
2026-02-15 13:59:56,841:WARNING:
'cuml' is a soft dependency and not included in the pycaret installation. Please run: `pip install cuml` to install.
2026-02-15 14:00:00,528:WARNING:c:\ProgramData\Anaconda3\lib\site-packages\pandas\io\sql.py:762: UserWarning: pandas only support SQLAlchemy connectable(engine/connection) ordatabase string URI or sqlite3 DBAPI2 connectionother DBAPI2 objects are not tested, please consider using SQLAlchemy
  warnings.warn(

2026-02-15 14:00:00,647:WARNING:c:\ProgramData\Anaconda3\lib\site-packages\pandas\io\sql.py:762: UserWarning: pandas only support SQLAlchemy connectable(engine/connection) ordatabase string URI or sqlite3 DBAPI2 connectionother DBAPI2 objects are not tested, please consider using SQLAlchemy
  warnings.warn(

2026-02-15 14:00:00,826:WARNING:c:\ProgramData\Anaconda3\lib\site-packages\pandas\io\sql.py:762: UserWarning: pandas only support SQLAlchemy connectable(engine/connection) ordatabase string URI or sqlite3 DBAPI2 connectionother DBAPI2 objects are not tested, please consider using SQLAlchemy
  warnings.warn(

2026-02-15 14:00:02,496:WARNING:c:\ProgramData\Anaconda3\lib\site-packages\pandas\io\sql.py:762: UserWarning: pandas only support SQLAlchemy connectable(engine/connection) ordatabase string URI or sqlite3 DBAPI2 connectionother DBAPI2 objects are not tested, please consider using SQLAlchemy
  warnings.warn(

2026-02-15 14:00:02,556:WARNING:c:\ProgramData\Anaconda3\lib\site-packages\pandas\io\sql.py:762: UserWarning: pandas only support SQLAlchemy connectable(engine/connection) ordatabase string URI or sqlite3 DBAPI2 connectionother DBAPI2 objects are not tested, please consider using SQLAlchemy
  warnings.warn(

2026-02-15 14:00:03,017:WARNING:c:\ProgramData\Anaconda3\lib\site-packages\pandas\io\sql.py:762: UserWarning: pandas only support SQLAlchemy connectable(engine/connection) ordatabase string URI or sqlite3 DBAPI2 connectionother DBAPI2 objects are not tested, please consider using SQLAlchemy
  warnings.warn(

2026-02-15 14:00:50,314:WARNING:c:\ProgramData\Anaconda3\lib\site-packages\pandas\io\sql.py:762: UserWarning: pandas only support SQLAlchemy connectable(engine/connection) ordatabase string URI or sqlite3 DBAPI2 connectionother DBAPI2 objects are not tested, please consider using SQLAlchemy
  warnings.warn(

2026-02-15 14:00:50,354:WARNING:c:\ProgramData\Anaconda3\lib\site-packages\pandas\io\sql.py:762: UserWarning: pandas only support SQLAlchemy connectable(engine/connection) ordatabase string URI or sqlite3 DBAPI2 connectionother DBAPI2 objects are not tested, please consider using SQLAlchemy
  warnings.warn(

2026-02-15 14:00:50,426:WARNING:c:\ProgramData\Anaconda3\lib\site-packages\pandas\io\sql.py:762: UserWarning: pandas only support SQLAlchemy connectable(engine/connection) ordatabase string URI or sqlite3 DBAPI2 connectionother DBAPI2 objects are not tested, please consider using SQLAlchemy
  warnings.warn(

2026-02-15 14:00:52,101:WARNING:c:\ProgramData\Anaconda3\lib\site-packages\pandas\io\sql.py:762: UserWarning: pandas only support SQLAlchemy connectable(engine/connection) ordatabase string URI or sqlite3 DBAPI2 connectionother DBAPI2 objects are not tested, please consider using SQLAlchemy
  warnings.warn(

2026-02-15 14:00:52,139:WARNING:c:\ProgramData\Anaconda3\lib\site-packages\pandas\io\sql.py:762: UserWarning: pandas only support SQLAlchemy connectable(engine/connection) ordatabase string URI or sqlite3 DBAPI2 connectionother DBAPI2 objects are not tested, please consider using SQLAlchemy
  warnings.warn(

2026-02-15 14:00:52,516:WARNING:c:\ProgramData\Anaconda3\lib\site-packages\pandas\io\sql.py:762: UserWarning: pandas only support SQLAlchemy connectable(engine/connection) ordatabase string URI or sqlite3 DBAPI2 connectionother DBAPI2 objects are not tested, please consider using SQLAlchemy
  warnings.warn(

2026-02-15 14:03:10,794:WARNING:C:\Users\savan\AppData\Local\Temp\ipykernel_2100\912277280.py:7: ClusterWarning: scipy.cluster: The symmetric non-negative hollow observation matrix looks suspiciously like an uncondensed distance matrix
  Z = linkage(gower_sample, method='average')

2026-02-15 14:10:08,496:WARNING:c:\ProgramData\Anaconda3\lib\site-packages\pandas\io\sql.py:762: UserWarning: pandas only support SQLAlchemy connectable(engine/connection) ordatabase string URI or sqlite3 DBAPI2 connectionother DBAPI2 objects are not tested, please consider using SQLAlchemy
  warnings.warn(

2026-02-15 14:10:08,552:WARNING:c:\ProgramData\Anaconda3\lib\site-packages\pandas\io\sql.py:762: UserWarning: pandas only support SQLAlchemy connectable(engine/connection) ordatabase string URI or sqlite3 DBAPI2 connectionother DBAPI2 objects are not tested, please consider using SQLAlchemy
  warnings.warn(

2026-02-15 14:10:08,650:WARNING:c:\ProgramData\Anaconda3\lib\site-packages\pandas\io\sql.py:762: UserWarning: pandas only support SQLAlchemy connectable(engine/connection) ordatabase string URI or sqlite3 DBAPI2 connectionother DBAPI2 objects are not tested, please consider using SQLAlchemy
  warnings.warn(

2026-02-15 14:10:10,398:WARNING:c:\ProgramData\Anaconda3\lib\site-packages\pandas\io\sql.py:762: UserWarning: pandas only support SQLAlchemy connectable(engine/connection) ordatabase string URI or sqlite3 DBAPI2 connectionother DBAPI2 objects are not tested, please consider using SQLAlchemy
  warnings.warn(

2026-02-15 14:10:10,457:WARNING:c:\ProgramData\Anaconda3\lib\site-packages\pandas\io\sql.py:762: UserWarning: pandas only support SQLAlchemy connectable(engine/connection) ordatabase string URI or sqlite3 DBAPI2 connectionother DBAPI2 objects are not tested, please consider using SQLAlchemy
  warnings.warn(

2026-02-15 14:10:10,950:WARNING:c:\ProgramData\Anaconda3\lib\site-packages\pandas\io\sql.py:762: UserWarning: pandas only support SQLAlchemy connectable(engine/connection) ordatabase string URI or sqlite3 DBAPI2 connectionother DBAPI2 objects are not tested, please consider using SQLAlchemy
  warnings.warn(

2026-02-15 14:12:41,755:WARNING:C:\Users\savan\AppData\Local\Temp\ipykernel_2100\912277280.py:7: ClusterWarning: scipy.cluster: The symmetric non-negative hollow observation matrix looks suspiciously like an uncondensed distance matrix
  Z = linkage(gower_sample, method='average')

2026-02-15 15:23:45,364:WARNING:c:\ProgramData\Anaconda3\lib\site-packages\pandas\io\sql.py:762: UserWarning: pandas only support SQLAlchemy connectable(engine/connection) ordatabase string URI or sqlite3 DBAPI2 connectionother DBAPI2 objects are not tested, please consider using SQLAlchemy
  warnings.warn(

2026-02-15 15:23:45,408:WARNING:c:\ProgramData\Anaconda3\lib\site-packages\pandas\io\sql.py:762: UserWarning: pandas only support SQLAlchemy connectable(engine/connection) ordatabase string URI or sqlite3 DBAPI2 connectionother DBAPI2 objects are not tested, please consider using SQLAlchemy
  warnings.warn(

2026-02-15 15:23:45,489:WARNING:c:\ProgramData\Anaconda3\lib\site-packages\pandas\io\sql.py:762: UserWarning: pandas only support SQLAlchemy connectable(engine/connection) ordatabase string URI or sqlite3 DBAPI2 connectionother DBAPI2 objects are not tested, please consider using SQLAlchemy
  warnings.warn(

2026-02-15 15:23:47,099:WARNING:c:\ProgramData\Anaconda3\lib\site-packages\pandas\io\sql.py:762: UserWarning: pandas only support SQLAlchemy connectable(engine/connection) ordatabase string URI or sqlite3 DBAPI2 connectionother DBAPI2 objects are not tested, please consider using SQLAlchemy
  warnings.warn(

2026-02-15 15:23:47,137:WARNING:c:\ProgramData\Anaconda3\lib\site-packages\pandas\io\sql.py:762: UserWarning: pandas only support SQLAlchemy connectable(engine/connection) ordatabase string URI or sqlite3 DBAPI2 connectionother DBAPI2 objects are not tested, please consider using SQLAlchemy
  warnings.warn(

2026-02-15 15:23:47,582:WARNING:c:\ProgramData\Anaconda3\lib\site-packages\pandas\io\sql.py:762: UserWarning: pandas only support SQLAlchemy connectable(engine/connection) ordatabase string URI or sqlite3 DBAPI2 connectionother DBAPI2 objects are not tested, please consider using SQLAlchemy
  warnings.warn(

2026-02-15 15:26:18,993:WARNING:C:\Users\savan\AppData\Local\Temp\ipykernel_2100\912277280.py:7: ClusterWarning: scipy.cluster: The symmetric non-negative hollow observation matrix looks suspiciously like an uncondensed distance matrix
  Z = linkage(gower_sample, method='average')

2026-02-15 18:30:46,251:WARNING:c:\ProgramData\Anaconda3\lib\site-packages\pandas\io\sql.py:762: UserWarning: pandas only support SQLAlchemy connectable(engine/connection) ordatabase string URI or sqlite3 DBAPI2 connectionother DBAPI2 objects are not tested, please consider using SQLAlchemy
  warnings.warn(

2026-02-15 18:30:46,296:WARNING:c:\ProgramData\Anaconda3\lib\site-packages\pandas\io\sql.py:762: UserWarning: pandas only support SQLAlchemy connectable(engine/connection) ordatabase string URI or sqlite3 DBAPI2 connectionother DBAPI2 objects are not tested, please consider using SQLAlchemy
  warnings.warn(

2026-02-15 18:30:46,396:WARNING:c:\ProgramData\Anaconda3\lib\site-packages\pandas\io\sql.py:762: UserWarning: pandas only support SQLAlchemy connectable(engine/connection) ordatabase string URI or sqlite3 DBAPI2 connectionother DBAPI2 objects are not tested, please consider using SQLAlchemy
  warnings.warn(

2026-02-15 18:30:47,978:WARNING:c:\ProgramData\Anaconda3\lib\site-packages\pandas\io\sql.py:762: UserWarning: pandas only support SQLAlchemy connectable(engine/connection) ordatabase string URI or sqlite3 DBAPI2 connectionother DBAPI2 objects are not tested, please consider using SQLAlchemy
  warnings.warn(

2026-02-15 18:30:48,029:WARNING:c:\ProgramData\Anaconda3\lib\site-packages\pandas\io\sql.py:762: UserWarning: pandas only support SQLAlchemy connectable(engine/connection) ordatabase string URI or sqlite3 DBAPI2 connectionother DBAPI2 objects are not tested, please consider using SQLAlchemy
  warnings.warn(

2026-02-15 18:30:48,456:WARNING:c:\ProgramData\Anaconda3\lib\site-packages\pandas\io\sql.py:762: UserWarning: pandas only support SQLAlchemy connectable(engine/connection) ordatabase string URI or sqlite3 DBAPI2 connectionother DBAPI2 objects are not tested, please consider using SQLAlchemy
  warnings.warn(

2026-02-15 18:34:40,103:WARNING:c:\ProgramData\Anaconda3\lib\site-packages\pandas\io\sql.py:762: UserWarning: pandas only support SQLAlchemy connectable(engine/connection) ordatabase string URI or sqlite3 DBAPI2 connectionother DBAPI2 objects are not tested, please consider using SQLAlchemy
  warnings.warn(

2026-02-15 18:34:40,146:WARNING:c:\ProgramData\Anaconda3\lib\site-packages\pandas\io\sql.py:762: UserWarning: pandas only support SQLAlchemy connectable(engine/connection) ordatabase string URI or sqlite3 DBAPI2 connectionother DBAPI2 objects are not tested, please consider using SQLAlchemy
  warnings.warn(

2026-02-15 18:34:40,223:WARNING:c:\ProgramData\Anaconda3\lib\site-packages\pandas\io\sql.py:762: UserWarning: pandas only support SQLAlchemy connectable(engine/connection) ordatabase string URI or sqlite3 DBAPI2 connectionother DBAPI2 objects are not tested, please consider using SQLAlchemy
  warnings.warn(

2026-02-15 18:34:41,849:WARNING:c:\ProgramData\Anaconda3\lib\site-packages\pandas\io\sql.py:762: UserWarning: pandas only support SQLAlchemy connectable(engine/connection) ordatabase string URI or sqlite3 DBAPI2 connectionother DBAPI2 objects are not tested, please consider using SQLAlchemy
  warnings.warn(

2026-02-15 18:34:41,887:WARNING:c:\ProgramData\Anaconda3\lib\site-packages\pandas\io\sql.py:762: UserWarning: pandas only support SQLAlchemy connectable(engine/connection) ordatabase string URI or sqlite3 DBAPI2 connectionother DBAPI2 objects are not tested, please consider using SQLAlchemy
  warnings.warn(

2026-02-15 18:34:42,348:WARNING:c:\ProgramData\Anaconda3\lib\site-packages\pandas\io\sql.py:762: UserWarning: pandas only support SQLAlchemy connectable(engine/connection) ordatabase string URI or sqlite3 DBAPI2 connectionother DBAPI2 objects are not tested, please consider using SQLAlchemy
  warnings.warn(

2026-02-15 18:42:02,566:WARNING:C:\Users\savan\AppData\Local\Temp\ipykernel_2100\912277280.py:7: ClusterWarning: scipy.cluster: The symmetric non-negative hollow observation matrix looks suspiciously like an uncondensed distance matrix
  Z = linkage(gower_sample, method='average')

2026-02-15 18:56:58,893:WARNING:C:\Users\savan\AppData\Local\Temp\ipykernel_2100\912277280.py:7: ClusterWarning: scipy.cluster: The symmetric non-negative hollow observation matrix looks suspiciously like an uncondensed distance matrix
  Z = linkage(gower_sample, method='average')

2026-02-15 18:58:26,600:WARNING:c:\ProgramData\Anaconda3\lib\site-packages\pandas\io\sql.py:762: UserWarning: pandas only support SQLAlchemy connectable(engine/connection) ordatabase string URI or sqlite3 DBAPI2 connectionother DBAPI2 objects are not tested, please consider using SQLAlchemy
  warnings.warn(

2026-02-15 18:58:26,650:WARNING:c:\ProgramData\Anaconda3\lib\site-packages\pandas\io\sql.py:762: UserWarning: pandas only support SQLAlchemy connectable(engine/connection) ordatabase string URI or sqlite3 DBAPI2 connectionother DBAPI2 objects are not tested, please consider using SQLAlchemy
  warnings.warn(

2026-02-15 18:58:26,742:WARNING:c:\ProgramData\Anaconda3\lib\site-packages\pandas\io\sql.py:762: UserWarning: pandas only support SQLAlchemy connectable(engine/connection) ordatabase string URI or sqlite3 DBAPI2 connectionother DBAPI2 objects are not tested, please consider using SQLAlchemy
  warnings.warn(

2026-02-15 18:58:28,315:WARNING:c:\ProgramData\Anaconda3\lib\site-packages\pandas\io\sql.py:762: UserWarning: pandas only support SQLAlchemy connectable(engine/connection) ordatabase string URI or sqlite3 DBAPI2 connectionother DBAPI2 objects are not tested, please consider using SQLAlchemy
  warnings.warn(

2026-02-15 18:58:28,350:WARNING:c:\ProgramData\Anaconda3\lib\site-packages\pandas\io\sql.py:762: UserWarning: pandas only support SQLAlchemy connectable(engine/connection) ordatabase string URI or sqlite3 DBAPI2 connectionother DBAPI2 objects are not tested, please consider using SQLAlchemy
  warnings.warn(

2026-02-15 18:58:28,749:WARNING:c:\ProgramData\Anaconda3\lib\site-packages\pandas\io\sql.py:762: UserWarning: pandas only support SQLAlchemy connectable(engine/connection) ordatabase string URI or sqlite3 DBAPI2 connectionother DBAPI2 objects are not tested, please consider using SQLAlchemy
  warnings.warn(

2026-02-15 19:01:05,935:WARNING:C:\Users\savan\AppData\Local\Temp\ipykernel_2100\912277280.py:7: ClusterWarning: scipy.cluster: The symmetric non-negative hollow observation matrix looks suspiciously like an uncondensed distance matrix
  Z = linkage(gower_sample, method='average')

2026-02-15 19:12:07,622:WARNING:c:\ProgramData\Anaconda3\lib\site-packages\pandas\io\sql.py:762: UserWarning: pandas only support SQLAlchemy connectable(engine/connection) ordatabase string URI or sqlite3 DBAPI2 connectionother DBAPI2 objects are not tested, please consider using SQLAlchemy
  warnings.warn(

2026-02-15 19:12:07,659:WARNING:c:\ProgramData\Anaconda3\lib\site-packages\pandas\io\sql.py:762: UserWarning: pandas only support SQLAlchemy connectable(engine/connection) ordatabase string URI or sqlite3 DBAPI2 connectionother DBAPI2 objects are not tested, please consider using SQLAlchemy
  warnings.warn(

2026-02-15 19:12:07,760:WARNING:c:\ProgramData\Anaconda3\lib\site-packages\pandas\io\sql.py:762: UserWarning: pandas only support SQLAlchemy connectable(engine/connection) ordatabase string URI or sqlite3 DBAPI2 connectionother DBAPI2 objects are not tested, please consider using SQLAlchemy
  warnings.warn(

2026-02-15 19:12:09,426:WARNING:c:\ProgramData\Anaconda3\lib\site-packages\pandas\io\sql.py:762: UserWarning: pandas only support SQLAlchemy connectable(engine/connection) ordatabase string URI or sqlite3 DBAPI2 connectionother DBAPI2 objects are not tested, please consider using SQLAlchemy
  warnings.warn(

2026-02-15 19:12:09,467:WARNING:c:\ProgramData\Anaconda3\lib\site-packages\pandas\io\sql.py:762: UserWarning: pandas only support SQLAlchemy connectable(engine/connection) ordatabase string URI or sqlite3 DBAPI2 connectionother DBAPI2 objects are not tested, please consider using SQLAlchemy
  warnings.warn(

2026-02-15 19:12:09,914:WARNING:c:\ProgramData\Anaconda3\lib\site-packages\pandas\io\sql.py:762: UserWarning: pandas only support SQLAlchemy connectable(engine/connection) ordatabase string URI or sqlite3 DBAPI2 connectionother DBAPI2 objects are not tested, please consider using SQLAlchemy
  warnings.warn(

2026-02-15 19:15:09,340:WARNING:C:\Users\savan\AppData\Local\Temp\ipykernel_2100\912277280.py:7: ClusterWarning: scipy.cluster: The symmetric non-negative hollow observation matrix looks suspiciously like an uncondensed distance matrix
  Z = linkage(gower_sample, method='average')

2026-02-15 19:18:18,285:WARNING:
'cuml' is a soft dependency and not included in the pycaret installation. Please run: `pip install cuml` to install.
2026-02-15 19:18:18,285:WARNING:
'cuml' is a soft dependency and not included in the pycaret installation. Please run: `pip install cuml` to install.
2026-02-15 19:18:18,285:WARNING:
'cuml' is a soft dependency and not included in the pycaret installation. Please run: `pip install cuml` to install.
2026-02-15 19:18:18,285:WARNING:
'cuml' is a soft dependency and not included in the pycaret installation. Please run: `pip install cuml` to install.
2026-02-15 19:18:21,109:WARNING:c:\ProgramData\Anaconda3\lib\site-packages\pandas\io\sql.py:762: UserWarning: pandas only support SQLAlchemy connectable(engine/connection) ordatabase string URI or sqlite3 DBAPI2 connectionother DBAPI2 objects are not tested, please consider using SQLAlchemy
  warnings.warn(

2026-02-15 19:18:21,150:WARNING:c:\ProgramData\Anaconda3\lib\site-packages\pandas\io\sql.py:762: UserWarning: pandas only support SQLAlchemy connectable(engine/connection) ordatabase string URI or sqlite3 DBAPI2 connectionother DBAPI2 objects are not tested, please consider using SQLAlchemy
  warnings.warn(

2026-02-15 19:18:21,344:WARNING:c:\ProgramData\Anaconda3\lib\site-packages\pandas\io\sql.py:762: UserWarning: pandas only support SQLAlchemy connectable(engine/connection) ordatabase string URI or sqlite3 DBAPI2 connectionother DBAPI2 objects are not tested, please consider using SQLAlchemy
  warnings.warn(

2026-02-15 19:18:22,908:WARNING:c:\ProgramData\Anaconda3\lib\site-packages\pandas\io\sql.py:762: UserWarning: pandas only support SQLAlchemy connectable(engine/connection) ordatabase string URI or sqlite3 DBAPI2 connectionother DBAPI2 objects are not tested, please consider using SQLAlchemy
  warnings.warn(

2026-02-15 19:18:22,950:WARNING:c:\ProgramData\Anaconda3\lib\site-packages\pandas\io\sql.py:762: UserWarning: pandas only support SQLAlchemy connectable(engine/connection) ordatabase string URI or sqlite3 DBAPI2 connectionother DBAPI2 objects are not tested, please consider using SQLAlchemy
  warnings.warn(

2026-02-15 19:18:23,399:WARNING:c:\ProgramData\Anaconda3\lib\site-packages\pandas\io\sql.py:762: UserWarning: pandas only support SQLAlchemy connectable(engine/connection) ordatabase string URI or sqlite3 DBAPI2 connectionother DBAPI2 objects are not tested, please consider using SQLAlchemy
  warnings.warn(

2026-02-15 19:23:46,405:WARNING:c:\ProgramData\Anaconda3\lib\site-packages\pandas\io\sql.py:762: UserWarning: pandas only support SQLAlchemy connectable(engine/connection) ordatabase string URI or sqlite3 DBAPI2 connectionother DBAPI2 objects are not tested, please consider using SQLAlchemy
  warnings.warn(

2026-02-15 19:23:46,439:WARNING:c:\ProgramData\Anaconda3\lib\site-packages\pandas\io\sql.py:762: UserWarning: pandas only support SQLAlchemy connectable(engine/connection) ordatabase string URI or sqlite3 DBAPI2 connectionother DBAPI2 objects are not tested, please consider using SQLAlchemy
  warnings.warn(

2026-02-15 19:23:46,521:WARNING:c:\ProgramData\Anaconda3\lib\site-packages\pandas\io\sql.py:762: UserWarning: pandas only support SQLAlchemy connectable(engine/connection) ordatabase string URI or sqlite3 DBAPI2 connectionother DBAPI2 objects are not tested, please consider using SQLAlchemy
  warnings.warn(

2026-02-15 19:23:48,076:WARNING:c:\ProgramData\Anaconda3\lib\site-packages\pandas\io\sql.py:762: UserWarning: pandas only support SQLAlchemy connectable(engine/connection) ordatabase string URI or sqlite3 DBAPI2 connectionother DBAPI2 objects are not tested, please consider using SQLAlchemy
  warnings.warn(

2026-02-15 19:23:48,111:WARNING:c:\ProgramData\Anaconda3\lib\site-packages\pandas\io\sql.py:762: UserWarning: pandas only support SQLAlchemy connectable(engine/connection) ordatabase string URI or sqlite3 DBAPI2 connectionother DBAPI2 objects are not tested, please consider using SQLAlchemy
  warnings.warn(

2026-02-15 19:23:48,549:WARNING:c:\ProgramData\Anaconda3\lib\site-packages\pandas\io\sql.py:762: UserWarning: pandas only support SQLAlchemy connectable(engine/connection) ordatabase string URI or sqlite3 DBAPI2 connectionother DBAPI2 objects are not tested, please consider using SQLAlchemy
  warnings.warn(

2026-02-15 19:25:02,859:WARNING:
'cuml' is a soft dependency and not included in the pycaret installation. Please run: `pip install cuml` to install.
2026-02-15 19:25:02,860:WARNING:
'cuml' is a soft dependency and not included in the pycaret installation. Please run: `pip install cuml` to install.
2026-02-15 19:25:02,860:WARNING:
'cuml' is a soft dependency and not included in the pycaret installation. Please run: `pip install cuml` to install.
2026-02-15 19:25:02,860:WARNING:
'cuml' is a soft dependency and not included in the pycaret installation. Please run: `pip install cuml` to install.
2026-02-15 19:25:03,494:WARNING:c:\ProgramData\Anaconda3\lib\site-packages\pandas\io\sql.py:762: UserWarning: pandas only support SQLAlchemy connectable(engine/connection) ordatabase string URI or sqlite3 DBAPI2 connectionother DBAPI2 objects are not tested, please consider using SQLAlchemy
  warnings.warn(

2026-02-15 19:25:03,525:WARNING:c:\ProgramData\Anaconda3\lib\site-packages\pandas\io\sql.py:762: UserWarning: pandas only support SQLAlchemy connectable(engine/connection) ordatabase string URI or sqlite3 DBAPI2 connectionother DBAPI2 objects are not tested, please consider using SQLAlchemy
  warnings.warn(

2026-02-15 19:25:03,688:WARNING:c:\ProgramData\Anaconda3\lib\site-packages\pandas\io\sql.py:762: UserWarning: pandas only support SQLAlchemy connectable(engine/connection) ordatabase string URI or sqlite3 DBAPI2 connectionother DBAPI2 objects are not tested, please consider using SQLAlchemy
  warnings.warn(

2026-02-15 19:25:05,198:WARNING:c:\ProgramData\Anaconda3\lib\site-packages\pandas\io\sql.py:762: UserWarning: pandas only support SQLAlchemy connectable(engine/connection) ordatabase string URI or sqlite3 DBAPI2 connectionother DBAPI2 objects are not tested, please consider using SQLAlchemy
  warnings.warn(

2026-02-15 19:25:05,233:WARNING:c:\ProgramData\Anaconda3\lib\site-packages\pandas\io\sql.py:762: UserWarning: pandas only support SQLAlchemy connectable(engine/connection) ordatabase string URI or sqlite3 DBAPI2 connectionother DBAPI2 objects are not tested, please consider using SQLAlchemy
  warnings.warn(

2026-02-15 19:25:05,648:WARNING:c:\ProgramData\Anaconda3\lib\site-packages\pandas\io\sql.py:762: UserWarning: pandas only support SQLAlchemy connectable(engine/connection) ordatabase string URI or sqlite3 DBAPI2 connectionother DBAPI2 objects are not tested, please consider using SQLAlchemy
  warnings.warn(

2026-02-15 19:36:59,821:WARNING:
'cuml' is a soft dependency and not included in the pycaret installation. Please run: `pip install cuml` to install.
2026-02-15 19:36:59,821:WARNING:
'cuml' is a soft dependency and not included in the pycaret installation. Please run: `pip install cuml` to install.
2026-02-15 19:36:59,821:WARNING:
'cuml' is a soft dependency and not included in the pycaret installation. Please run: `pip install cuml` to install.
2026-02-15 19:36:59,821:WARNING:
'cuml' is a soft dependency and not included in the pycaret installation. Please run: `pip install cuml` to install.
2026-02-15 19:37:00,624:WARNING:c:\ProgramData\Anaconda3\lib\site-packages\pandas\io\sql.py:762: UserWarning: pandas only support SQLAlchemy connectable(engine/connection) ordatabase string URI or sqlite3 DBAPI2 connectionother DBAPI2 objects are not tested, please consider using SQLAlchemy
  warnings.warn(

2026-02-15 19:37:00,667:WARNING:c:\ProgramData\Anaconda3\lib\site-packages\pandas\io\sql.py:762: UserWarning: pandas only support SQLAlchemy connectable(engine/connection) ordatabase string URI or sqlite3 DBAPI2 connectionother DBAPI2 objects are not tested, please consider using SQLAlchemy
  warnings.warn(

2026-02-15 19:37:00,841:WARNING:c:\ProgramData\Anaconda3\lib\site-packages\pandas\io\sql.py:762: UserWarning: pandas only support SQLAlchemy connectable(engine/connection) ordatabase string URI or sqlite3 DBAPI2 connectionother DBAPI2 objects are not tested, please consider using SQLAlchemy
  warnings.warn(

2026-02-15 19:37:02,509:WARNING:c:\ProgramData\Anaconda3\lib\site-packages\pandas\io\sql.py:762: UserWarning: pandas only support SQLAlchemy connectable(engine/connection) ordatabase string URI or sqlite3 DBAPI2 connectionother DBAPI2 objects are not tested, please consider using SQLAlchemy
  warnings.warn(

2026-02-15 19:37:02,542:WARNING:c:\ProgramData\Anaconda3\lib\site-packages\pandas\io\sql.py:762: UserWarning: pandas only support SQLAlchemy connectable(engine/connection) ordatabase string URI or sqlite3 DBAPI2 connectionother DBAPI2 objects are not tested, please consider using SQLAlchemy
  warnings.warn(

2026-02-15 19:37:02,940:WARNING:c:\ProgramData\Anaconda3\lib\site-packages\pandas\io\sql.py:762: UserWarning: pandas only support SQLAlchemy connectable(engine/connection) ordatabase string URI or sqlite3 DBAPI2 connectionother DBAPI2 objects are not tested, please consider using SQLAlchemy
  warnings.warn(

2026-02-15 19:39:38,239:WARNING:C:\Users\savan\AppData\Local\Temp\ipykernel_38592\912277280.py:7: ClusterWarning: scipy.cluster: The symmetric non-negative hollow observation matrix looks suspiciously like an uncondensed distance matrix
  Z = linkage(gower_sample, method='average')

2026-02-15 23:28:58,508:WARNING:
'cuml' is a soft dependency and not included in the pycaret installation. Please run: `pip install cuml` to install.
2026-02-15 23:28:58,509:WARNING:
'cuml' is a soft dependency and not included in the pycaret installation. Please run: `pip install cuml` to install.
2026-02-15 23:28:58,509:WARNING:
'cuml' is a soft dependency and not included in the pycaret installation. Please run: `pip install cuml` to install.
2026-02-15 23:28:58,509:WARNING:
'cuml' is a soft dependency and not included in the pycaret installation. Please run: `pip install cuml` to install.
2026-02-15 23:29:01,185:WARNING:c:\ProgramData\Anaconda3\lib\site-packages\pandas\io\sql.py:762: UserWarning: pandas only support SQLAlchemy connectable(engine/connection) ordatabase string URI or sqlite3 DBAPI2 connectionother DBAPI2 objects are not tested, please consider using SQLAlchemy
  warnings.warn(

2026-02-15 23:29:01,266:WARNING:c:\ProgramData\Anaconda3\lib\site-packages\pandas\io\sql.py:762: UserWarning: pandas only support SQLAlchemy connectable(engine/connection) ordatabase string URI or sqlite3 DBAPI2 connectionother DBAPI2 objects are not tested, please consider using SQLAlchemy
  warnings.warn(

2026-02-15 23:29:01,559:WARNING:c:\ProgramData\Anaconda3\lib\site-packages\pandas\io\sql.py:762: UserWarning: pandas only support SQLAlchemy connectable(engine/connection) ordatabase string URI or sqlite3 DBAPI2 connectionother DBAPI2 objects are not tested, please consider using SQLAlchemy
  warnings.warn(

2026-02-15 23:29:04,593:WARNING:c:\ProgramData\Anaconda3\lib\site-packages\pandas\io\sql.py:762: UserWarning: pandas only support SQLAlchemy connectable(engine/connection) ordatabase string URI or sqlite3 DBAPI2 connectionother DBAPI2 objects are not tested, please consider using SQLAlchemy
  warnings.warn(

2026-02-15 23:29:04,643:WARNING:c:\ProgramData\Anaconda3\lib\site-packages\pandas\io\sql.py:762: UserWarning: pandas only support SQLAlchemy connectable(engine/connection) ordatabase string URI or sqlite3 DBAPI2 connectionother DBAPI2 objects are not tested, please consider using SQLAlchemy
  warnings.warn(

2026-02-15 23:29:05,025:WARNING:c:\ProgramData\Anaconda3\lib\site-packages\pandas\io\sql.py:762: UserWarning: pandas only support SQLAlchemy connectable(engine/connection) ordatabase string URI or sqlite3 DBAPI2 connectionother DBAPI2 objects are not tested, please consider using SQLAlchemy
  warnings.warn(

